|06/01 23:10:27|[SubjectElement       ]-[INFORMATION:attach serializer]
|06/01 23:10:27|[SubjectElement       ]-[INFORMATION:new property have been added, name:Pizza]
|06/01 23:10:27|[SubjectElement       ]-[INFORMATION:attach serializer]
|06/01 23:10:27|[SubjectElement       ]-[INFORMATION:new property have been added, name:cars]
|06/01 23:10:27|[SubjectElement       ]-[INFORMATION:attach serializer]
|06/01 23:10:27|[SubjectElement       ]-[INFORMATION:new property have been added, name:race]
|06/01 23:10:27|[SubjectElement       ]-[INFORMATION:attach serializer]
|06/01 23:10:27|[SubjectElement       ]-[INFORMATION:new property have been added, name:java]
|06/01 23:10:27|[SubjectElement       ]-[INFORMATION:attach serializer]
|06/01 23:10:27|[SubjectElement       ]-[INFORMATION:new property have been added, name:biff]
|06/01 23:10:27|[Neo4JServices        ]-[INFORMATION:node created id: 1]
|06/01 23:10:27|[Neo4JServices        ]-[INFORMATION:add prop to node: propkey=name propvalue= Pizza]
|06/01 23:10:28|[Neo4JServices        ]-[INFORMATION:node created id: 2]
|06/01 23:10:28|[Neo4JServices        ]-[INFORMATION:add prop to node: propkey=name propvalue= cars]
|06/01 23:10:28|[Neo4JServices        ]-[INFORMATION:node created id: 3]
|06/01 23:10:28|[Neo4JServices        ]-[INFORMATION:add prop to node: propkey=name propvalue= race]
|06/01 23:10:28|[Neo4JServices        ]-[INFORMATION:node created id: 4]
|06/01 23:10:28|[Neo4JServices        ]-[INFORMATION:add prop to node: propkey=name propvalue= java]
|06/01 23:10:28|[Neo4JServices        ]-[INFORMATION:new relation between : Pizza to cars created reltype=Weight]
|06/01 23:10:28|[Neo4JServices        ]-[INFORMATION:set weight to 1]
|06/01 23:10:28|[Neo4JServices        ]-[INFORMATION:new relation between : Pizza to race created reltype=Weight]
|06/01 23:10:28|[Neo4JServices        ]-[INFORMATION:set weight to 1]
|06/01 23:10:28|[Neo4JServices        ]-[INFORMATION:new relation between : Pizza to java created reltype=Weight]
|06/01 23:10:28|[Neo4JServices        ]-[INFORMATION:set weight to 1]
|06/01 23:10:28|[Neo4JServices        ]-[INFORMATION:new relation between : cars to race created reltype=Weight]
|06/01 23:10:28|[Neo4JServices        ]-[INFORMATION:set weight to 1]
|06/01 23:10:28|[Neo4JServices        ]-[INFORMATION:new relation between : cars to java created reltype=Weight]
|06/01 23:10:28|[Neo4JServices        ]-[INFORMATION:set weight to 1]
|06/01 23:10:28|[Neo4JServices        ]-[INFORMATION:new relation between : race to java created reltype=Weight]
|06/01 23:10:28|[Neo4JServices        ]-[INFORMATION:set weight to 1]
